Arguments: 
  /usr/local/Cellar/node/11.10.0/bin/node /usr/local/Cellar/yarn/1.13.0/libexec/bin/yarn.js add express helemt

PATH: 
  /usr/bin:/bin:/usr/sbin:/sbin:/usr/local/bin

Yarn version: 
  1.13.0

Node version: 
  11.10.0

Platform: 
  darwin x64

Trace: 
  Error: https://registry.yarnpkg.com/helemt: Not found
      at Request.params.callback [as _callback] (/usr/local/Cellar/yarn/1.13.0/libexec/lib/cli.js:66255:18)
      at Request.self.callback (/usr/local/Cellar/yarn/1.13.0/libexec/lib/cli.js:129397:22)
      at Request.emit (events.js:197:13)
      at Request.<anonymous> (/usr/local/Cellar/yarn/1.13.0/libexec/lib/cli.js:130369:10)
      at Request.emit (events.js:197:13)
      at IncomingMessage.<anonymous> (/usr/local/Cellar/yarn/1.13.0/libexec/lib/cli.js:130291:12)
      at Object.onceWrapper (events.js:285:13)
      at IncomingMessage.emit (events.js:202:15)
      at endReadableNT (_stream_readable.js:1129:12)
      at processTicksAndRejections (internal/process/next_tick.js:76:17)

npm manifest: 
  {
    "name": "Sprint-Challenge-RDBMS",
    "version": "1.0.0",
    "description": "This challenge allows you to practice the concepts and techniques learned over the past Sprint and apply them in a concrete project. This Sprint explored Adding Data Persistence to Web API's and you were taught the following modules: Introduction to Relational Databases and SQL, Inserting and Modifying Data, Querying Data; Migrations and Seeds and Introduction to Data Modeling. In your challenge for this Sprint, you will demonstrate proficiency by creating an API that pesist data to SQLite3.",
    "main": "index.js",
    "dependencies": {},
    "devDependencies": {},
    "scripts": {
      "test": "echo \"Error: no test specified\" && exit 1"
    },
    "repository": {
      "type": "git",
      "url": "git+https://github.com/kelliraehanson/Sprint-Challenge-RDBMS.git"
    },
    "keywords": [],
    "author": "",
    "license": "ISC",
    "bugs": {
      "url": "https://github.com/kelliraehanson/Sprint-Challenge-RDBMS/issues"
    },
    "homepage": "https://github.com/kelliraehanson/Sprint-Challenge-RDBMS#readme"
  }

yarn manifest: 
  No manifest

Lockfile: 
  # THIS IS AN AUTOGENERATED FILE. DO NOT EDIT THIS FILE DIRECTLY.
  # yarn lockfile v1
